TN:
SF:server.js
FN:31,isAuthenticated
FN:37,(anonymous_1)
FN:41,(anonymous_2)
FN:51,(anonymous_3)
FN:58,(anonymous_4)
FN:69,(anonymous_5)
FN:70,(anonymous_6)
FN:74,(anonymous_7)
FNF:8
FNH:5
FNDA:1,isAuthenticated
FNDA:0,(anonymous_1)
FNDA:1,(anonymous_2)
FNDA:4,(anonymous_3)
FNDA:3,(anonymous_4)
FNDA:0,(anonymous_5)
FNDA:0,(anonymous_6)
FNDA:1,(anonymous_7)
DA:1,1
DA:2,1
DA:3,1
DA:4,1
DA:5,1
DA:7,1
DA:10,1
DA:19,1
DA:20,1
DA:21,1
DA:32,1
DA:33,1
DA:37,1
DA:38,0
DA:41,1
DA:42,1
DA:45,1
DA:52,4
DA:53,4
DA:54,1
DA:57,3
DA:58,3
DA:60,3
DA:61,2
DA:64,1
DA:65,1
DA:69,1
DA:70,0
DA:73,1
DA:74,1
DA:75,1
DA:78,1
LF:32
LH:30
BRDA:32,0,0,0
BRDA:32,0,1,1
BRDA:53,1,0,1
BRDA:53,1,1,3
BRDA:60,2,0,2
BRDA:60,2,1,1
BRDA:60,3,0,3
BRDA:60,3,1,2
BRDA:73,4,0,1
BRDA:73,4,1,1
BRF:10
BRH:9
end_of_record
